<?xml version="1.0" encoding="UTF-8"?>
<!-- Generated by org.testng.reporters.JUnitReportReporter -->
<testsuite skipped="0" hostname="Anshulms-MacBook-Pro.local" name="com.testvagrant.codinground.tests.HotelBookingTest" tests="1" failures="0" timestamp="18 Oct 2017 13:14:29 GMT" time="19.295" errors="0">
  <testcase name="hotel_valid_search" time="19.295" classname="com.testvagrant.codinground.tests.HotelBookingTest"/>
</testsuite> <!-- com.testvagrant.codinground.tests.HotelBookingTest -->
