<?xml version="1.0" encoding="UTF-8"?>
<!-- Generated by org.testng.reporters.JUnitReportReporter -->
<testsuite skipped="0" hostname="Anshulms-MacBook-Pro.local" name="com.testvagrant.codinground.tests.SignInTest" tests="1" failures="0" timestamp="18 Oct 2017 13:14:29 GMT" time="5.124" errors="0">
  <testcase name="blank_sign_in_test" time="5.124" classname="com.testvagrant.codinground.tests.SignInTest"/>
</testsuite> <!-- com.testvagrant.codinground.tests.SignInTest -->
