<?xml version="1.0" encoding="UTF-8"?>
<!-- Generated by org.testng.reporters.JUnitReportReporter -->
<testsuite skipped="0" hostname="Anshulms-MacBook-Pro.local" name="com.testvagrant.codinground.tests.FlightBookingTest" tests="1" failures="0" timestamp="18 Oct 2017 13:14:29 GMT" time="12.004" errors="0">
  <testcase name="flight_valid_search" time="12.004" classname="com.testvagrant.codinground.tests.FlightBookingTest"/>
</testsuite> <!-- com.testvagrant.codinground.tests.FlightBookingTest -->
